0 info it worked if it ends with ok
1 verbose cli [ 'node', '/usr/local/bin/npm', 'install', 'gulp-watch.' ]
2 info using npm@1.4.28
3 info using node@v0.10.34
4 verbose readDependencies using package.json deps
5 verbose cache add [ 'gulp-watch.', null ]
6 verbose cache add name=undefined spec="gulp-watch." args=["gulp-watch.",null]
7 verbose parsed url { protocol: null,
7 verbose parsed url   slashes: null,
7 verbose parsed url   auth: null,
7 verbose parsed url   host: null,
7 verbose parsed url   port: null,
7 verbose parsed url   hostname: null,
7 verbose parsed url   hash: null,
7 verbose parsed url   search: null,
7 verbose parsed url   query: null,
7 verbose parsed url   pathname: 'gulp-watch.',
7 verbose parsed url   path: 'gulp-watch.',
7 verbose parsed url   href: 'gulp-watch.' }
8 silly lockFile 6dc92755-gulp-watch gulp-watch.
9 verbose lock gulp-watch. /Users/Mani/.npm/6dc92755-gulp-watch.lock
10 silly lockFile 6dc92755-gulp-watch gulp-watch.
11 silly lockFile 6dc92755-gulp-watch gulp-watch.
12 verbose addNamed [ 'gulp-watch.', '' ]
13 verbose addNamed [ null, '*' ]
14 silly lockFile 2e6a29cc-gulp-watch gulp-watch.@
15 verbose lock gulp-watch.@ /Users/Mani/.npm/2e6a29cc-gulp-watch.lock
16 silly addNameRange { name: 'gulp-watch.', range: '*', hasData: false }
17 verbose request where is /gulp-watch.
18 verbose request registry https://registry.npmjs.org/
19 verbose request id cd8ea644a78850b8
20 verbose url raw /gulp-watch.
21 verbose url resolving [ 'https://registry.npmjs.org/', './gulp-watch.' ]
22 verbose url resolved https://registry.npmjs.org/gulp-watch.
23 verbose request where is https://registry.npmjs.org/gulp-watch.
24 info trying registry request attempt 1 at 01:47:40
25 http GET https://registry.npmjs.org/gulp-watch.
26 http 404 https://registry.npmjs.org/gulp-watch.
27 verbose headers { date: 'Fri, 27 Feb 2015 09:47:40 GMT',
27 verbose headers   server: 'CouchDB/1.6.1 (Erlang OTP/R14B04)',
27 verbose headers   'content-type': 'application/json',
27 verbose headers   'cache-control': 'max-age=0',
27 verbose headers   'content-length': '52',
27 verbose headers   'accept-ranges': 'bytes',
27 verbose headers   via: '1.1 varnish',
27 verbose headers   age: '0',
27 verbose headers   'x-served-by': 'cache-lax1421-LAX',
27 verbose headers   'x-cache': 'MISS',
27 verbose headers   'x-cache-hits': '0',
27 verbose headers   'x-timer': 'S1425030460.577442,VS0,VE93',
27 verbose headers   'keep-alive': 'timeout=10, max=50',
27 verbose headers   connection: 'Keep-Alive' }
28 silly registry.get cb [ 404,
28 silly registry.get   { date: 'Fri, 27 Feb 2015 09:47:40 GMT',
28 silly registry.get     server: 'CouchDB/1.6.1 (Erlang OTP/R14B04)',
28 silly registry.get     'content-type': 'application/json',
28 silly registry.get     'cache-control': 'max-age=0',
28 silly registry.get     'content-length': '52',
28 silly registry.get     'accept-ranges': 'bytes',
28 silly registry.get     via: '1.1 varnish',
28 silly registry.get     age: '0',
28 silly registry.get     'x-served-by': 'cache-lax1421-LAX',
28 silly registry.get     'x-cache': 'MISS',
28 silly registry.get     'x-cache-hits': '0',
28 silly registry.get     'x-timer': 'S1425030460.577442,VS0,VE93',
28 silly registry.get     'keep-alive': 'timeout=10, max=50',
28 silly registry.get     connection: 'Keep-Alive' } ]
29 silly lockFile 2e6a29cc-gulp-watch gulp-watch.@
30 silly lockFile 2e6a29cc-gulp-watch gulp-watch.@
31 error 404 404 Not Found: gulp-watch.
31 error 404
31 error 404 'gulp-watch.' is not in the npm registry.
31 error 404 You should bug the author to publish it
31 error 404 It was specified as a dependency of 'blog-builder'
31 error 404
31 error 404 Note that you can also install from a
31 error 404 tarball, folder, or http url, or git url.
32 error System Darwin 14.1.0
33 error command "node" "/usr/local/bin/npm" "install" "gulp-watch."
34 error cwd /Users/Mani/projects/AngularJS/profile_blog/app
35 error node -v v0.10.34
36 error npm -v 1.4.28
37 error code E404
38 verbose exit [ 1, true ]
